[08-Dec-2025 07:54:07 UTC] PHP Warning:  Undefined array key "id" in C:\Users\EnactOn Tecnologies\Local Sites\brickpress\app\public\wp-content\themes\bricks\includes\assets.php on line 2994
[08-Dec-2025 07:54:07 UTC] PHP Warning:  Undefined array key "id" in C:\Users\EnactOn Tecnologies\Local Sites\brickpress\app\public\wp-content\themes\bricks\includes\assets.php on line 3000
[08-Dec-2025 07:54:07 UTC] PHP Warning:  Undefined array key "id" in C:\Users\EnactOn Tecnologies\Local Sites\brickpress\app\public\wp-content\themes\bricks\includes\assets.php on line 2994
[08-Dec-2025 07:54:07 UTC] PHP Warning:  Undefined array key "id" in C:\Users\EnactOn Tecnologies\Local Sites\brickpress\app\public\wp-content\themes\bricks\includes\assets.php on line 3000
[08-Dec-2025 07:54:07 UTC] PHP Warning:  Undefined array key "id" in C:\Users\EnactOn Tecnologies\Local Sites\brickpress\app\public\wp-content\themes\bricks\includes\assets.php on line 2994
[08-Dec-2025 07:54:07 UTC] PHP Warning:  Undefined array key "id" in C:\Users\EnactOn Tecnologies\Local Sites\brickpress\app\public\wp-content\themes\bricks\includes\assets.php on line 3000
[08-Dec-2025 07:54:07 UTC] PHP Warning:  Undefined array key "id" in C:\Users\EnactOn Tecnologies\Local Sites\brickpress\app\public\wp-content\themes\bricks\includes\assets.php on line 2994
[08-Dec-2025 07:54:07 UTC] PHP Warning:  Undefined array key "id" in C:\Users\EnactOn Tecnologies\Local Sites\brickpress\app\public\wp-content\themes\bricks\includes\assets.php on line 3000
[08-Dec-2025 07:54:07 UTC] PHP Warning:  Undefined array key "id" in C:\Users\EnactOn Tecnologies\Local Sites\brickpress\app\public\wp-content\themes\bricks\includes\assets.php on line 2994
[08-Dec-2025 07:54:07 UTC] PHP Warning:  Undefined array key "id" in C:\Users\EnactOn Tecnologies\Local Sites\brickpress\app\public\wp-content\themes\bricks\includes\assets.php on line 3000
[08-Dec-2025 07:54:07 UTC] PHP Warning:  Undefined array key "name" in C:\Users\EnactOn Tecnologies\Local Sites\brickpress\app\public\wp-content\themes\bricks\includes\assets.php on line 3044
[08-Dec-2025 07:54:07 UTC] PHP Warning:  Undefined array key "name" in C:\Users\EnactOn Tecnologies\Local Sites\brickpress\app\public\wp-content\themes\bricks\includes\assets.php on line 3097
[08-Dec-2025 07:54:07 UTC] PHP Warning:  Undefined array key "name" in C:\Users\EnactOn Tecnologies\Local Sites\brickpress\app\public\wp-content\themes\bricks\includes\assets.php on line 3138
[08-Dec-2025 07:54:07 UTC] PHP Warning:  Undefined array key "name" in C:\Users\EnactOn Tecnologies\Local Sites\brickpress\app\public\wp-content\themes\bricks\includes\assets.php on line 3181
[08-Dec-2025 07:54:07 UTC] PHP Warning:  Undefined array key "name" in C:\Users\EnactOn Tecnologies\Local Sites\brickpress\app\public\wp-content\themes\bricks\includes\assets.php on line 3181
[08-Dec-2025 07:54:07 UTC] PHP Warning:  Undefined array key "name" in C:\Users\EnactOn Tecnologies\Local Sites\brickpress\app\public\wp-content\themes\bricks\includes\elements.php on line 296
[08-Dec-2025 07:54:52 UTC] PHP Warning:  Undefined array key "id" in C:\Users\EnactOn Tecnologies\Local Sites\brickpress\app\public\wp-content\themes\bricks\includes\assets.php on line 2994
[08-Dec-2025 07:54:52 UTC] PHP Warning:  Undefined array key "id" in C:\Users\EnactOn Tecnologies\Local Sites\brickpress\app\public\wp-content\themes\bricks\includes\assets.php on line 3000
[08-Dec-2025 07:54:52 UTC] PHP Warning:  Undefined array key "id" in C:\Users\EnactOn Tecnologies\Local Sites\brickpress\app\public\wp-content\themes\bricks\includes\assets.php on line 2994
[08-Dec-2025 07:54:52 UTC] PHP Warning:  Undefined array key "id" in C:\Users\EnactOn Tecnologies\Local Sites\brickpress\app\public\wp-content\themes\bricks\includes\assets.php on line 3000
[08-Dec-2025 07:54:52 UTC] PHP Warning:  Undefined array key "id" in C:\Users\EnactOn Tecnologies\Local Sites\brickpress\app\public\wp-content\themes\bricks\includes\assets.php on line 2994
[08-Dec-2025 07:54:52 UTC] PHP Warning:  Undefined array key "id" in C:\Users\EnactOn Tecnologies\Local Sites\brickpress\app\public\wp-content\themes\bricks\includes\assets.php on line 3000
[08-Dec-2025 07:54:52 UTC] PHP Warning:  Undefined array key "id" in C:\Users\EnactOn Tecnologies\Local Sites\brickpress\app\public\wp-content\themes\bricks\includes\assets.php on line 2994
[08-Dec-2025 07:54:52 UTC] PHP Warning:  Undefined array key "id" in C:\Users\EnactOn Tecnologies\Local Sites\brickpress\app\public\wp-content\themes\bricks\includes\assets.php on line 3000
[08-Dec-2025 07:54:52 UTC] PHP Warning:  Undefined array key "id" in C:\Users\EnactOn Tecnologies\Local Sites\brickpress\app\public\wp-content\themes\bricks\includes\assets.php on line 2994
[08-Dec-2025 07:54:52 UTC] PHP Warning:  Undefined array key "id" in C:\Users\EnactOn Tecnologies\Local Sites\brickpress\app\public\wp-content\themes\bricks\includes\assets.php on line 3000
[08-Dec-2025 07:54:52 UTC] PHP Warning:  Undefined array key "name" in C:\Users\EnactOn Tecnologies\Local Sites\brickpress\app\public\wp-content\themes\bricks\includes\assets.php on line 3044
[08-Dec-2025 07:54:52 UTC] PHP Warning:  Undefined array key "name" in C:\Users\EnactOn Tecnologies\Local Sites\brickpress\app\public\wp-content\themes\bricks\includes\assets.php on line 3097
[08-Dec-2025 07:54:52 UTC] PHP Warning:  Undefined array key "name" in C:\Users\EnactOn Tecnologies\Local Sites\brickpress\app\public\wp-content\themes\bricks\includes\assets.php on line 3138
[08-Dec-2025 07:54:52 UTC] PHP Warning:  Undefined array key "name" in C:\Users\EnactOn Tecnologies\Local Sites\brickpress\app\public\wp-content\themes\bricks\includes\assets.php on line 3181
[08-Dec-2025 07:54:52 UTC] PHP Warning:  Undefined array key "name" in C:\Users\EnactOn Tecnologies\Local Sites\brickpress\app\public\wp-content\themes\bricks\includes\assets.php on line 3181
[08-Dec-2025 07:54:52 UTC] PHP Warning:  Undefined array key "name" in C:\Users\EnactOn Tecnologies\Local Sites\brickpress\app\public\wp-content\themes\bricks\includes\elements.php on line 296
[08-Dec-2025 07:54:54 UTC] PHP Warning:  Undefined array key "id" in C:\Users\EnactOn Tecnologies\Local Sites\brickpress\app\public\wp-content\themes\bricks\includes\assets.php on line 2994
[08-Dec-2025 07:54:54 UTC] PHP Warning:  Undefined array key "id" in C:\Users\EnactOn Tecnologies\Local Sites\brickpress\app\public\wp-content\themes\bricks\includes\assets.php on line 3000
[08-Dec-2025 07:54:54 UTC] PHP Warning:  Undefined array key "id" in C:\Users\EnactOn Tecnologies\Local Sites\brickpress\app\public\wp-content\themes\bricks\includes\assets.php on line 2994
[08-Dec-2025 07:54:54 UTC] PHP Warning:  Undefined array key "id" in C:\Users\EnactOn Tecnologies\Local Sites\brickpress\app\public\wp-content\themes\bricks\includes\assets.php on line 3000
[08-Dec-2025 07:54:54 UTC] PHP Warning:  Undefined array key "id" in C:\Users\EnactOn Tecnologies\Local Sites\brickpress\app\public\wp-content\themes\bricks\includes\assets.php on line 2994
[08-Dec-2025 07:54:54 UTC] PHP Warning:  Undefined array key "id" in C:\Users\EnactOn Tecnologies\Local Sites\brickpress\app\public\wp-content\themes\bricks\includes\assets.php on line 3000
[08-Dec-2025 07:54:54 UTC] PHP Warning:  Undefined array key "id" in C:\Users\EnactOn Tecnologies\Local Sites\brickpress\app\public\wp-content\themes\bricks\includes\assets.php on line 2994
[08-Dec-2025 07:54:54 UTC] PHP Warning:  Undefined array key "id" in C:\Users\EnactOn Tecnologies\Local Sites\brickpress\app\public\wp-content\themes\bricks\includes\assets.php on line 3000
[08-Dec-2025 07:54:54 UTC] PHP Warning:  Undefined array key "id" in C:\Users\EnactOn Tecnologies\Local Sites\brickpress\app\public\wp-content\themes\bricks\includes\assets.php on line 2994
[08-Dec-2025 07:54:54 UTC] PHP Warning:  Undefined array key "id" in C:\Users\EnactOn Tecnologies\Local Sites\brickpress\app\public\wp-content\themes\bricks\includes\assets.php on line 3000
[08-Dec-2025 07:54:54 UTC] PHP Warning:  Undefined array key "name" in C:\Users\EnactOn Tecnologies\Local Sites\brickpress\app\public\wp-content\themes\bricks\includes\assets.php on line 3044
[08-Dec-2025 07:54:54 UTC] PHP Warning:  Undefined array key "name" in C:\Users\EnactOn Tecnologies\Local Sites\brickpress\app\public\wp-content\themes\bricks\includes\assets.php on line 3097
[08-Dec-2025 07:54:54 UTC] PHP Warning:  Undefined array key "name" in C:\Users\EnactOn Tecnologies\Local Sites\brickpress\app\public\wp-content\themes\bricks\includes\assets.php on line 3138
[08-Dec-2025 07:54:54 UTC] PHP Warning:  Undefined array key "name" in C:\Users\EnactOn Tecnologies\Local Sites\brickpress\app\public\wp-content\themes\bricks\includes\assets.php on line 3181
[08-Dec-2025 07:54:54 UTC] PHP Warning:  Undefined array key "name" in C:\Users\EnactOn Tecnologies\Local Sites\brickpress\app\public\wp-content\themes\bricks\includes\assets.php on line 3181
[08-Dec-2025 07:54:54 UTC] PHP Warning:  Undefined array key "name" in C:\Users\EnactOn Tecnologies\Local Sites\brickpress\app\public\wp-content\themes\bricks\includes\elements.php on line 296
[08-Dec-2025 08:00:50 UTC] PHP Fatal error:  Uncaught Error: Class "Bricks\Elements" not found in C:\Users\EnactOn Tecnologies\Local Sites\brickpress\app\public\wp-content\themes\bricks-child\bricks-child\functions.php:18
Stack trace:
#0 C:\Users\EnactOn Tecnologies\Local Sites\brickpress\app\public\wp-includes\class-wp-hook.php(341): {closure}('')
#1 C:\Users\EnactOn Tecnologies\Local Sites\brickpress\app\public\wp-includes\class-wp-hook.php(365): WP_Hook->apply_filters(NULL, Array)
#2 C:\Users\EnactOn Tecnologies\Local Sites\brickpress\app\public\wp-includes\plugin.php(522): WP_Hook->do_action(Array)
#3 C:\Users\EnactOn Tecnologies\Local Sites\brickpress\app\public\wp-settings.php(742): do_action('init')
#4 C:\Users\EnactOn Tecnologies\Local Sites\brickpress\app\public\wp-config.php(103): require_once('C:\\Users\\EnactO...')
#5 C:\Users\EnactOn Tecnologies\Local Sites\brickpress\app\public\wp-load.php(50): require_once('C:\\Users\\EnactO...')
#6 C:\Users\EnactOn Tecnologies\Local Sites\brickpress\app\public\wp-admin\admin-ajax.php(22): require_once('C:\\Users\\EnactO...')
#7 {main}
  thrown in C:\Users\EnactOn Tecnologies\Local Sites\brickpress\app\public\wp-content\themes\bricks-child\bricks-child\functions.php on line 18
[08-Dec-2025 08:00:50 UTC] PHP Warning:  Trying to access array offset on value of type bool in C:\Users\EnactOn Tecnologies\Local Sites\brickpress\app\public\wp-includes\class-wp-recovery-mode-email-service.php on line 367
[08-Dec-2025 08:00:50 UTC] PHP Warning:  Trying to access array offset on value of type bool in C:\Users\EnactOn Tecnologies\Local Sites\brickpress\app\public\wp-includes\class-wp-recovery-mode-email-service.php on line 368
[08-Dec-2025 09:57:07 UTC] PHP Warning:  Undefined property: stdClass::$plugin in C:\Users\EnactOn Tecnologies\Local Sites\brickpress\app\public\wp-includes\class-wp-list-util.php on line 168
[08-Dec-2025 09:57:13 UTC] PHP Warning:  Undefined property: stdClass::$plugin in C:\Users\EnactOn Tecnologies\Local Sites\brickpress\app\public\wp-includes\class-wp-list-util.php on line 168
[08-Dec-2025 09:57:24 UTC] PHP Warning:  Undefined property: stdClass::$plugin in C:\Users\EnactOn Tecnologies\Local Sites\brickpress\app\public\wp-includes\class-wp-list-util.php on line 168
[08-Dec-2025 09:57:28 UTC] PHP Warning:  Undefined property: stdClass::$plugin in C:\Users\EnactOn Tecnologies\Local Sites\brickpress\app\public\wp-includes\class-wp-list-util.php on line 168
[08-Dec-2025 09:58:12 UTC] PHP Warning:  Undefined property: stdClass::$plugin in C:\Users\EnactOn Tecnologies\Local Sites\brickpress\app\public\wp-includes\class-wp-list-util.php on line 168
[08-Dec-2025 09:58:15 UTC] PHP Warning:  Undefined property: stdClass::$plugin in C:\Users\EnactOn Tecnologies\Local Sites\brickpress\app\public\wp-includes\class-wp-list-util.php on line 168
[08-Dec-2025 09:58:21 UTC] PHP Warning:  Undefined property: stdClass::$plugin in C:\Users\EnactOn Tecnologies\Local Sites\brickpress\app\public\wp-includes\class-wp-list-util.php on line 168
[08-Dec-2025 09:58:33 UTC] PHP Warning:  Undefined property: stdClass::$plugin in C:\Users\EnactOn Tecnologies\Local Sites\brickpress\app\public\wp-includes\class-wp-list-util.php on line 168
[08-Dec-2025 09:58:38 UTC] PHP Warning:  Undefined property: stdClass::$plugin in C:\Users\EnactOn Tecnologies\Local Sites\brickpress\app\public\wp-includes\class-wp-list-util.php on line 168
[08-Dec-2025 12:23:59 UTC] PHP Warning:  Undefined property: stdClass::$plugin in C:\Users\EnactOn Tecnologies\Local Sites\brickpress\app\public\wp-includes\class-wp-list-util.php on line 168
[08-Dec-2025 12:24:00 UTC] PHP Warning:  Undefined property: stdClass::$plugin in C:\Users\EnactOn Tecnologies\Local Sites\brickpress\app\public\wp-includes\class-wp-list-util.php on line 168
[08-Dec-2025 12:24:10 UTC] PHP Warning:  Undefined property: stdClass::$plugin in C:\Users\EnactOn Tecnologies\Local Sites\brickpress\app\public\wp-includes\class-wp-list-util.php on line 168
[09-Dec-2025 04:29:20 UTC] PHP Warning:  Undefined array key "id" in C:\Users\EnactOn Tecnologies\Local Sites\brickpress\app\public\wp-content\themes\bricks\includes\assets.php on line 2994
[09-Dec-2025 04:29:20 UTC] PHP Warning:  Undefined array key "id" in C:\Users\EnactOn Tecnologies\Local Sites\brickpress\app\public\wp-content\themes\bricks\includes\assets.php on line 3000
[09-Dec-2025 04:29:20 UTC] PHP Warning:  Undefined array key "id" in C:\Users\EnactOn Tecnologies\Local Sites\brickpress\app\public\wp-content\themes\bricks\includes\assets.php on line 2994
[09-Dec-2025 04:29:20 UTC] PHP Warning:  Undefined array key "id" in C:\Users\EnactOn Tecnologies\Local Sites\brickpress\app\public\wp-content\themes\bricks\includes\assets.php on line 3000
[09-Dec-2025 04:29:20 UTC] PHP Warning:  Undefined array key "id" in C:\Users\EnactOn Tecnologies\Local Sites\brickpress\app\public\wp-content\themes\bricks\includes\assets.php on line 2994
[09-Dec-2025 04:29:20 UTC] PHP Warning:  Undefined array key "id" in C:\Users\EnactOn Tecnologies\Local Sites\brickpress\app\public\wp-content\themes\bricks\includes\assets.php on line 3000
[09-Dec-2025 04:29:20 UTC] PHP Warning:  Undefined array key "id" in C:\Users\EnactOn Tecnologies\Local Sites\brickpress\app\public\wp-content\themes\bricks\includes\assets.php on line 2994
[09-Dec-2025 04:29:20 UTC] PHP Warning:  Undefined array key "id" in C:\Users\EnactOn Tecnologies\Local Sites\brickpress\app\public\wp-content\themes\bricks\includes\assets.php on line 3000
[09-Dec-2025 04:29:20 UTC] PHP Warning:  Undefined array key "id" in C:\Users\EnactOn Tecnologies\Local Sites\brickpress\app\public\wp-content\themes\bricks\includes\assets.php on line 2994
[09-Dec-2025 04:29:20 UTC] PHP Warning:  Undefined array key "id" in C:\Users\EnactOn Tecnologies\Local Sites\brickpress\app\public\wp-content\themes\bricks\includes\assets.php on line 3000
[09-Dec-2025 04:29:20 UTC] PHP Warning:  Undefined array key "name" in C:\Users\EnactOn Tecnologies\Local Sites\brickpress\app\public\wp-content\themes\bricks\includes\assets.php on line 3044
[09-Dec-2025 04:29:20 UTC] PHP Warning:  Undefined array key "name" in C:\Users\EnactOn Tecnologies\Local Sites\brickpress\app\public\wp-content\themes\bricks\includes\assets.php on line 3097
[09-Dec-2025 04:29:20 UTC] PHP Warning:  Undefined array key "name" in C:\Users\EnactOn Tecnologies\Local Sites\brickpress\app\public\wp-content\themes\bricks\includes\assets.php on line 3138
[09-Dec-2025 04:29:20 UTC] PHP Warning:  Undefined array key "name" in C:\Users\EnactOn Tecnologies\Local Sites\brickpress\app\public\wp-content\themes\bricks\includes\assets.php on line 3181
[09-Dec-2025 04:29:20 UTC] PHP Warning:  Undefined array key "name" in C:\Users\EnactOn Tecnologies\Local Sites\brickpress\app\public\wp-content\themes\bricks\includes\assets.php on line 3181
[09-Dec-2025 04:29:20 UTC] PHP Warning:  Undefined array key "name" in C:\Users\EnactOn Tecnologies\Local Sites\brickpress\app\public\wp-content\themes\bricks\includes\elements.php on line 296
[09-Dec-2025 06:52:51 UTC] PHP Warning:  Undefined array key "id" in C:\Users\EnactOn Tecnologies\Local Sites\brickpress\app\public\wp-content\themes\bricks\includes\assets.php on line 2994
[09-Dec-2025 06:52:51 UTC] PHP Warning:  Undefined array key "id" in C:\Users\EnactOn Tecnologies\Local Sites\brickpress\app\public\wp-content\themes\bricks\includes\assets.php on line 3000
[09-Dec-2025 06:52:51 UTC] PHP Warning:  Undefined array key "id" in C:\Users\EnactOn Tecnologies\Local Sites\brickpress\app\public\wp-content\themes\bricks\includes\assets.php on line 2994
[09-Dec-2025 06:52:51 UTC] PHP Warning:  Undefined array key "id" in C:\Users\EnactOn Tecnologies\Local Sites\brickpress\app\public\wp-content\themes\bricks\includes\assets.php on line 3000
[09-Dec-2025 06:52:51 UTC] PHP Warning:  Undefined array key "id" in C:\Users\EnactOn Tecnologies\Local Sites\brickpress\app\public\wp-content\themes\bricks\includes\assets.php on line 2994
[09-Dec-2025 06:52:51 UTC] PHP Warning:  Undefined array key "id" in C:\Users\EnactOn Tecnologies\Local Sites\brickpress\app\public\wp-content\themes\bricks\includes\assets.php on line 3000
[09-Dec-2025 06:52:51 UTC] PHP Warning:  Undefined array key "id" in C:\Users\EnactOn Tecnologies\Local Sites\brickpress\app\public\wp-content\themes\bricks\includes\assets.php on line 2994
[09-Dec-2025 06:52:51 UTC] PHP Warning:  Undefined array key "id" in C:\Users\EnactOn Tecnologies\Local Sites\brickpress\app\public\wp-content\themes\bricks\includes\assets.php on line 3000
[09-Dec-2025 06:52:51 UTC] PHP Warning:  Undefined array key "id" in C:\Users\EnactOn Tecnologies\Local Sites\brickpress\app\public\wp-content\themes\bricks\includes\assets.php on line 2994
[09-Dec-2025 06:52:51 UTC] PHP Warning:  Undefined array key "id" in C:\Users\EnactOn Tecnologies\Local Sites\brickpress\app\public\wp-content\themes\bricks\includes\assets.php on line 3000
[09-Dec-2025 06:52:51 UTC] PHP Warning:  Undefined array key "name" in C:\Users\EnactOn Tecnologies\Local Sites\brickpress\app\public\wp-content\themes\bricks\includes\assets.php on line 3044
[09-Dec-2025 06:52:51 UTC] PHP Warning:  Undefined array key "name" in C:\Users\EnactOn Tecnologies\Local Sites\brickpress\app\public\wp-content\themes\bricks\includes\assets.php on line 3097
[09-Dec-2025 06:52:51 UTC] PHP Warning:  Undefined array key "name" in C:\Users\EnactOn Tecnologies\Local Sites\brickpress\app\public\wp-content\themes\bricks\includes\assets.php on line 3138
[09-Dec-2025 06:52:51 UTC] PHP Warning:  Undefined array key "name" in C:\Users\EnactOn Tecnologies\Local Sites\brickpress\app\public\wp-content\themes\bricks\includes\assets.php on line 3181
[09-Dec-2025 06:52:51 UTC] PHP Warning:  Undefined array key "name" in C:\Users\EnactOn Tecnologies\Local Sites\brickpress\app\public\wp-content\themes\bricks\includes\assets.php on line 3181
[09-Dec-2025 06:52:51 UTC] PHP Warning:  Undefined array key "name" in C:\Users\EnactOn Tecnologies\Local Sites\brickpress\app\public\wp-content\themes\bricks\includes\elements.php on line 296
[09-Dec-2025 07:29:37 UTC] PHP Warning:  Undefined property: stdClass::$plugin in C:\Users\EnactOn Tecnologies\Local Sites\brickpress\app\public\wp-includes\class-wp-list-util.php on line 168
[09-Dec-2025 07:29:44 UTC] PHP Warning:  Undefined property: stdClass::$plugin in C:\Users\EnactOn Tecnologies\Local Sites\brickpress\app\public\wp-includes\class-wp-list-util.php on line 168
[09-Dec-2025 07:30:41 UTC] PHP Warning:  Undefined property: stdClass::$plugin in C:\Users\EnactOn Tecnologies\Local Sites\brickpress\app\public\wp-includes\class-wp-list-util.php on line 168
[09-Dec-2025 07:30:48 UTC] PHP Warning:  Undefined property: stdClass::$plugin in C:\Users\EnactOn Tecnologies\Local Sites\brickpress\app\public\wp-includes\class-wp-list-util.php on line 168
[09-Dec-2025 07:31:10 UTC] PHP Warning:  Undefined property: stdClass::$plugin in C:\Users\EnactOn Tecnologies\Local Sites\brickpress\app\public\wp-includes\class-wp-list-util.php on line 168
[09-Dec-2025 09:33:16 UTC] PHP Warning:  Undefined array key "id" in C:\Users\EnactOn Tecnologies\Local Sites\brickpress\app\public\wp-content\themes\bricks\includes\assets.php on line 2994
[09-Dec-2025 09:33:16 UTC] PHP Warning:  Undefined array key "id" in C:\Users\EnactOn Tecnologies\Local Sites\brickpress\app\public\wp-content\themes\bricks\includes\assets.php on line 3000
[09-Dec-2025 09:33:16 UTC] PHP Warning:  Undefined array key "id" in C:\Users\EnactOn Tecnologies\Local Sites\brickpress\app\public\wp-content\themes\bricks\includes\assets.php on line 2994
[09-Dec-2025 09:33:16 UTC] PHP Warning:  Undefined array key "id" in C:\Users\EnactOn Tecnologies\Local Sites\brickpress\app\public\wp-content\themes\bricks\includes\assets.php on line 3000
[09-Dec-2025 09:33:16 UTC] PHP Warning:  Undefined array key "id" in C:\Users\EnactOn Tecnologies\Local Sites\brickpress\app\public\wp-content\themes\bricks\includes\assets.php on line 2994
[09-Dec-2025 09:33:16 UTC] PHP Warning:  Undefined array key "id" in C:\Users\EnactOn Tecnologies\Local Sites\brickpress\app\public\wp-content\themes\bricks\includes\assets.php on line 3000
[09-Dec-2025 09:33:16 UTC] PHP Warning:  Undefined array key "id" in C:\Users\EnactOn Tecnologies\Local Sites\brickpress\app\public\wp-content\themes\bricks\includes\assets.php on line 2994
[09-Dec-2025 09:33:16 UTC] PHP Warning:  Undefined array key "id" in C:\Users\EnactOn Tecnologies\Local Sites\brickpress\app\public\wp-content\themes\bricks\includes\assets.php on line 3000
[09-Dec-2025 09:33:16 UTC] PHP Warning:  Undefined array key "id" in C:\Users\EnactOn Tecnologies\Local Sites\brickpress\app\public\wp-content\themes\bricks\includes\assets.php on line 2994
[09-Dec-2025 09:33:16 UTC] PHP Warning:  Undefined array key "id" in C:\Users\EnactOn Tecnologies\Local Sites\brickpress\app\public\wp-content\themes\bricks\includes\assets.php on line 3000
[09-Dec-2025 09:33:16 UTC] PHP Warning:  Undefined array key "id" in C:\Users\EnactOn Tecnologies\Local Sites\brickpress\app\public\wp-content\themes\bricks\includes\assets.php on line 2994
[09-Dec-2025 09:33:16 UTC] PHP Warning:  Undefined array key "id" in C:\Users\EnactOn Tecnologies\Local Sites\brickpress\app\public\wp-content\themes\bricks\includes\assets.php on line 3000
[09-Dec-2025 09:33:16 UTC] PHP Warning:  Undefined array key "name" in C:\Users\EnactOn Tecnologies\Local Sites\brickpress\app\public\wp-content\themes\bricks\includes\assets.php on line 3044
[09-Dec-2025 09:33:16 UTC] PHP Warning:  Undefined array key "name" in C:\Users\EnactOn Tecnologies\Local Sites\brickpress\app\public\wp-content\themes\bricks\includes\assets.php on line 3097
[09-Dec-2025 09:33:16 UTC] PHP Warning:  Undefined array key "name" in C:\Users\EnactOn Tecnologies\Local Sites\brickpress\app\public\wp-content\themes\bricks\includes\assets.php on line 3138
[09-Dec-2025 09:33:16 UTC] PHP Warning:  Undefined array key "name" in C:\Users\EnactOn Tecnologies\Local Sites\brickpress\app\public\wp-content\themes\bricks\includes\assets.php on line 3181
[09-Dec-2025 09:33:16 UTC] PHP Warning:  Undefined array key "name" in C:\Users\EnactOn Tecnologies\Local Sites\brickpress\app\public\wp-content\themes\bricks\includes\assets.php on line 3181
[09-Dec-2025 09:33:16 UTC] PHP Warning:  Undefined array key "name" in C:\Users\EnactOn Tecnologies\Local Sites\brickpress\app\public\wp-content\themes\bricks\includes\elements.php on line 296
[09-Dec-2025 09:33:16 UTC] PHP Warning:  Undefined array key "id" in C:\Users\EnactOn Tecnologies\Local Sites\brickpress\app\public\wp-content\themes\bricks\includes\assets.php on line 2994
[09-Dec-2025 09:33:16 UTC] PHP Warning:  Undefined array key "id" in C:\Users\EnactOn Tecnologies\Local Sites\brickpress\app\public\wp-content\themes\bricks\includes\assets.php on line 3000
[09-Dec-2025 09:33:16 UTC] PHP Warning:  Undefined array key "id" in C:\Users\EnactOn Tecnologies\Local Sites\brickpress\app\public\wp-content\themes\bricks\includes\assets.php on line 2994
[09-Dec-2025 09:33:16 UTC] PHP Warning:  Undefined array key "id" in C:\Users\EnactOn Tecnologies\Local Sites\brickpress\app\public\wp-content\themes\bricks\includes\assets.php on line 3000
[09-Dec-2025 09:33:16 UTC] PHP Warning:  Undefined array key "id" in C:\Users\EnactOn Tecnologies\Local Sites\brickpress\app\public\wp-content\themes\bricks\includes\assets.php on line 2994
[09-Dec-2025 09:33:16 UTC] PHP Warning:  Undefined array key "id" in C:\Users\EnactOn Tecnologies\Local Sites\brickpress\app\public\wp-content\themes\bricks\includes\assets.php on line 3000
[09-Dec-2025 09:33:16 UTC] PHP Warning:  Undefined array key "id" in C:\Users\EnactOn Tecnologies\Local Sites\brickpress\app\public\wp-content\themes\bricks\includes\assets.php on line 2994
[09-Dec-2025 09:33:16 UTC] PHP Warning:  Undefined array key "id" in C:\Users\EnactOn Tecnologies\Local Sites\brickpress\app\public\wp-content\themes\bricks\includes\assets.php on line 3000
[09-Dec-2025 09:33:16 UTC] PHP Warning:  Undefined array key "id" in C:\Users\EnactOn Tecnologies\Local Sites\brickpress\app\public\wp-content\themes\bricks\includes\assets.php on line 2994
[09-Dec-2025 09:33:16 UTC] PHP Warning:  Undefined array key "id" in C:\Users\EnactOn Tecnologies\Local Sites\brickpress\app\public\wp-content\themes\bricks\includes\assets.php on line 3000
[09-Dec-2025 09:33:16 UTC] PHP Warning:  Undefined array key "id" in C:\Users\EnactOn Tecnologies\Local Sites\brickpress\app\public\wp-content\themes\bricks\includes\assets.php on line 2994
[09-Dec-2025 09:33:16 UTC] PHP Warning:  Undefined array key "id" in C:\Users\EnactOn Tecnologies\Local Sites\brickpress\app\public\wp-content\themes\bricks\includes\assets.php on line 3000
[09-Dec-2025 09:33:16 UTC] PHP Warning:  Undefined array key "id" in C:\Users\EnactOn Tecnologies\Local Sites\brickpress\app\public\wp-content\themes\bricks\includes\assets.php on line 2994
[09-Dec-2025 09:33:16 UTC] PHP Warning:  Undefined array key "id" in C:\Users\EnactOn Tecnologies\Local Sites\brickpress\app\public\wp-content\themes\bricks\includes\assets.php on line 3000
[09-Dec-2025 09:33:16 UTC] PHP Warning:  Undefined array key "id" in C:\Users\EnactOn Tecnologies\Local Sites\brickpress\app\public\wp-content\themes\bricks\includes\assets.php on line 2994
[09-Dec-2025 09:33:16 UTC] PHP Warning:  Undefined array key "id" in C:\Users\EnactOn Tecnologies\Local Sites\brickpress\app\public\wp-content\themes\bricks\includes\assets.php on line 3000
[09-Dec-2025 09:33:16 UTC] PHP Warning:  Undefined array key "id" in C:\Users\EnactOn Tecnologies\Local Sites\brickpress\app\public\wp-content\themes\bricks\includes\assets.php on line 2994
[09-Dec-2025 09:33:16 UTC] PHP Warning:  Undefined array key "id" in C:\Users\EnactOn Tecnologies\Local Sites\brickpress\app\public\wp-content\themes\bricks\includes\assets.php on line 3000
[09-Dec-2025 09:33:16 UTC] PHP Warning:  Undefined array key "id" in C:\Users\EnactOn Tecnologies\Local Sites\brickpress\app\public\wp-content\themes\bricks\includes\assets.php on line 2994
[09-Dec-2025 09:33:16 UTC] PHP Warning:  Undefined array key "id" in C:\Users\EnactOn Tecnologies\Local Sites\brickpress\app\public\wp-content\themes\bricks\includes\assets.php on line 3000
[09-Dec-2025 09:33:16 UTC] PHP Warning:  Undefined array key "id" in C:\Users\EnactOn Tecnologies\Local Sites\brickpress\app\public\wp-content\themes\bricks\includes\assets.php on line 2994
[09-Dec-2025 09:33:16 UTC] PHP Warning:  Undefined array key "id" in C:\Users\EnactOn Tecnologies\Local Sites\brickpress\app\public\wp-content\themes\bricks\includes\assets.php on line 3000
[09-Dec-2025 09:33:16 UTC] PHP Warning:  Undefined array key "id" in C:\Users\EnactOn Tecnologies\Local Sites\brickpress\app\public\wp-content\themes\bricks\includes\assets.php on line 2994
[09-Dec-2025 09:33:16 UTC] PHP Warning:  Undefined array key "id" in C:\Users\EnactOn Tecnologies\Local Sites\brickpress\app\public\wp-content\themes\bricks\includes\assets.php on line 3000
[09-Dec-2025 09:33:16 UTC] PHP Warning:  Undefined array key "id" in C:\Users\EnactOn Tecnologies\Local Sites\brickpress\app\public\wp-content\themes\bricks\includes\assets.php on line 2994
[09-Dec-2025 09:33:16 UTC] PHP Warning:  Undefined array key "id" in C:\Users\EnactOn Tecnologies\Local Sites\brickpress\app\public\wp-content\themes\bricks\includes\assets.php on line 3000
[09-Dec-2025 09:33:16 UTC] PHP Warning:  Undefined array key "id" in C:\Users\EnactOn Tecnologies\Local Sites\brickpress\app\public\wp-content\themes\bricks\includes\assets.php on line 2994
[09-Dec-2025 09:33:16 UTC] PHP Warning:  Undefined array key "id" in C:\Users\EnactOn Tecnologies\Local Sites\brickpress\app\public\wp-content\themes\bricks\includes\assets.php on line 3000
[09-Dec-2025 09:33:16 UTC] PHP Warning:  Undefined array key "id" in C:\Users\EnactOn Tecnologies\Local Sites\brickpress\app\public\wp-content\themes\bricks\includes\assets.php on line 2994
[09-Dec-2025 09:33:16 UTC] PHP Warning:  Undefined array key "id" in C:\Users\EnactOn Tecnologies\Local Sites\brickpress\app\public\wp-content\themes\bricks\includes\assets.php on line 3000
[09-Dec-2025 09:33:16 UTC] PHP Warning:  Undefined array key "id" in C:\Users\EnactOn Tecnologies\Local Sites\brickpress\app\public\wp-content\themes\bricks\includes\assets.php on line 2994
[09-Dec-2025 09:33:16 UTC] PHP Warning:  Undefined array key "id" in C:\Users\EnactOn Tecnologies\Local Sites\brickpress\app\public\wp-content\themes\bricks\includes\assets.php on line 3000
[09-Dec-2025 09:33:16 UTC] PHP Warning:  Undefined array key "id" in C:\Users\EnactOn Tecnologies\Local Sites\brickpress\app\public\wp-content\themes\bricks\includes\assets.php on line 2994
[09-Dec-2025 09:33:16 UTC] PHP Warning:  Undefined array key "id" in C:\Users\EnactOn Tecnologies\Local Sites\brickpress\app\public\wp-content\themes\bricks\includes\assets.php on line 3000
[09-Dec-2025 09:33:16 UTC] PHP Warning:  Undefined array key "name" in C:\Users\EnactOn Tecnologies\Local Sites\brickpress\app\public\wp-content\themes\bricks\includes\assets.php on line 3044
[09-Dec-2025 09:33:16 UTC] PHP Warning:  Undefined array key "name" in C:\Users\EnactOn Tecnologies\Local Sites\brickpress\app\public\wp-content\themes\bricks\includes\assets.php on line 3097
[09-Dec-2025 09:33:16 UTC] PHP Warning:  Undefined array key "name" in C:\Users\EnactOn Tecnologies\Local Sites\brickpress\app\public\wp-content\themes\bricks\includes\assets.php on line 3138
[09-Dec-2025 09:33:16 UTC] PHP Warning:  Undefined array key "name" in C:\Users\EnactOn Tecnologies\Local Sites\brickpress\app\public\wp-content\themes\bricks\includes\assets.php on line 3181
[09-Dec-2025 09:33:16 UTC] PHP Warning:  Undefined array key "name" in C:\Users\EnactOn Tecnologies\Local Sites\brickpress\app\public\wp-content\themes\bricks\includes\assets.php on line 3181
[09-Dec-2025 09:33:16 UTC] PHP Warning:  Undefined array key "name" in C:\Users\EnactOn Tecnologies\Local Sites\brickpress\app\public\wp-content\themes\bricks\includes\elements.php on line 296
